{"/Users/benjaminramser/Projects/ts/semantic-release-action/src/exec.ts": {"path":"/Users/benjaminramser/Projects/ts/semantic-release-action/src/exec.ts","statementMap":{"0":{"start":{"line":1,"column":0},"end":{"line":1,"column":36}},"1":{"start":{"line":2,"column":0},"end":{"line":2,"column":28}},"2":{"start":{"line":11,"column":13},"end":{"line":11,"column":null}}},"fnMap":{},"branchMap":{},"s":{"0":0,"1":0,"2":0},"f":{},"b":{}}
,"/Users/benjaminramser/Projects/ts/semantic-release-action/src/index.ts": {"path":"/Users/benjaminramser/Projects/ts/semantic-release-action/src/index.ts","statementMap":{"0":{"start":{"line":1,"column":0},"end":{"line":1,"column":37}},"1":{"start":{"line":2,"column":0},"end":{"line":2,"column":44}},"2":{"start":{"line":4,"column":0},"end":{"line":4,"column":36}},"3":{"start":{"line":5,"column":0},"end":{"line":5,"column":146}},"4":{"start":{"line":6,"column":0},"end":{"line":6,"column":104}},"5":{"start":{"line":9,"column":4},"end":{"line":9,"column":null}},"6":{"start":{"line":11,"column":4},"end":{"line":13,"column":5}},"7":{"start":{"line":12,"column":8},"end":{"line":12,"column":null}},"8":{"start":{"line":15,"column":4},"end":{"line":15,"column":null}},"9":{"start":{"line":16,"column":4},"end":{"line":16,"column":null}},"10":{"start":{"line":17,"column":4},"end":{"line":17,"column":null}},"11":{"start":{"line":18,"column":4},"end":{"line":18,"column":null}},"12":{"start":{"line":20,"column":4},"end":{"line":23,"column":5}},"13":{"start":{"line":21,"column":8},"end":{"line":21,"column":null}},"14":{"start":{"line":22,"column":8},"end":{"line":22,"column":null}},"15":{"start":{"line":25,"column":19},"end":{"line":32,"column":6}},"16":{"start":{"line":34,"column":4},"end":{"line":34,"column":null}},"17":{"start":{"line":35,"column":4},"end":{"line":35,"column":null}},"18":{"start":{"line":37,"column":4},"end":{"line":37,"column":null}},"19":{"start":{"line":40,"column":0},"end":{"line":40,"column":null}}},"fnMap":{"0":{"name":"release","decl":{"start":{"line":8,"column":15},"end":{"line":8,"column":22}},"loc":{"start":{"line":8,"column":22},"end":{"line":38,"column":1}}}},"branchMap":{"0":{"loc":{"start":{"line":11,"column":4},"end":{"line":13,"column":5}},"type":"if","locations":[{"start":{"line":11,"column":4},"end":{"line":13,"column":5}},{"start":{},"end":{}}]},"1":{"loc":{"start":{"line":20,"column":4},"end":{"line":23,"column":5}},"type":"if","locations":[{"start":{"line":20,"column":4},"end":{"line":23,"column":5}},{"start":{},"end":{}}]}},"s":{"0":0,"1":0,"2":0,"3":0,"4":0,"5":0,"6":0,"7":0,"8":0,"9":0,"10":0,"11":0,"12":0,"13":0,"14":0,"15":0,"16":0,"17":0,"18":0,"19":0},"f":{"0":0},"b":{"0":[0,0],"1":[0,0]}}
,"/Users/benjaminramser/Projects/ts/semantic-release-action/src/inputs.ts": {"path":"/Users/benjaminramser/Projects/ts/semantic-release-action/src/inputs.ts","statementMap":{"0":{"start":{"line":1,"column":13},"end":{"line":13,"column":null}}},"fnMap":{},"branchMap":{},"s":{"0":1},"f":{},"b":{}}
,"/Users/benjaminramser/Projects/ts/semantic-release-action/src/options.ts": {"path":"/Users/benjaminramser/Projects/ts/semantic-release-action/src/options.ts","statementMap":{"0":{"start":{"line":69,"column":0},"end":{"line":69,"column":16}},"1":{"start":{"line":96,"column":0},"end":{"line":96,"column":16}},"2":{"start":{"line":121,"column":0},"end":{"line":121,"column":16}},"3":{"start":{"line":152,"column":0},"end":{"line":152,"column":16}},"4":{"start":{"line":194,"column":0},"end":{"line":194,"column":16}},"5":{"start":{"line":214,"column":0},"end":{"line":214,"column":16}},"6":{"start":{"line":236,"column":0},"end":{"line":236,"column":16}},"7":{"start":{"line":1,"column":0},"end":{"line":1,"column":37}},"8":{"start":{"line":3,"column":0},"end":{"line":3,"column":33}},"9":{"start":{"line":5,"column":41},"end":{"line":5,"column":65}},"10":{"start":{"line":70,"column":30},"end":{"line":70,"column":32}},"11":{"start":{"line":72,"column":21},"end":{"line":72,"column":66}},"12":{"start":{"line":73,"column":19},"end":{"line":73,"column":62}},"13":{"start":{"line":75,"column":4},"end":{"line":75,"column":null}},"14":{"start":{"line":76,"column":4},"end":{"line":76,"column":null}},"15":{"start":{"line":78,"column":14},"end":{"line":78,"column":38}},"16":{"start":{"line":79,"column":4},"end":{"line":81,"column":5}},"17":{"start":{"line":80,"column":8},"end":{"line":80,"column":null}},"18":{"start":{"line":83,"column":21},"end":{"line":83,"column":33}},"19":{"start":{"line":85,"column":4},"end":{"line":85,"column":null}},"20":{"start":{"line":87,"column":4},"end":{"line":87,"column":null}},"21":{"start":{"line":97,"column":30},"end":{"line":97,"column":32}},"22":{"start":{"line":98,"column":19},"end":{"line":98,"column":63}},"23":{"start":{"line":99,"column":4},"end":{"line":99,"column":null}},"24":{"start":{"line":101,"column":4},"end":{"line":103,"column":5}},"25":{"start":{"line":102,"column":8},"end":{"line":102,"column":null}},"26":{"start":{"line":105,"column":4},"end":{"line":109,"column":5}},"27":{"start":{"line":106,"column":8},"end":{"line":106,"column":null}},"28":{"start":{"line":107,"column":8},"end":{"line":107,"column":null}},"29":{"start":{"line":111,"column":4},"end":{"line":111,"column":null}},"30":{"start":{"line":112,"column":4},"end":{"line":112,"column":null}},"31":{"start":{"line":122,"column":26},"end":{"line":122,"column":28}},"32":{"start":{"line":123,"column":15},"end":{"line":123,"column":54}},"33":{"start":{"line":124,"column":4},"end":{"line":124,"column":null}},"34":{"start":{"line":126,"column":4},"end":{"line":128,"column":5}},"35":{"start":{"line":127,"column":8},"end":{"line":127,"column":null}},"36":{"start":{"line":130,"column":4},"end":{"line":135,"column":5}},"37":{"start":{"line":131,"column":8},"end":{"line":131,"column":null}},"38":{"start":{"line":132,"column":8},"end":{"line":132,"column":null}},"39":{"start":{"line":133,"column":8},"end":{"line":133,"column":null}},"40":{"start":{"line":137,"column":4},"end":{"line":137,"column":null}},"41":{"start":{"line":138,"column":4},"end":{"line":138,"column":null}},"42":{"start":{"line":139,"column":4},"end":{"line":139,"column":null}},"43":{"start":{"line":153,"column":31},"end":{"line":153,"column":33}},"44":{"start":{"line":155,"column":19},"end":{"line":155,"column":63}},"45":{"start":{"line":156,"column":4},"end":{"line":156,"column":null}},"46":{"start":{"line":158,"column":4},"end":{"line":160,"column":5}},"47":{"start":{"line":159,"column":8},"end":{"line":159,"column":null}},"48":{"start":{"line":171,"column":8},"end":{"line":171,"column":78}},"49":{"start":{"line":173,"column":30},"end":{"line":179,"column":24}},"50":{"start":{"line":176,"column":22},"end":{"line":176,"column":42}},"51":{"start":{"line":177,"column":12},"end":{"line":177,"column":null}},"52":{"start":{"line":181,"column":4},"end":{"line":181,"column":null}},"53":{"start":{"line":183,"column":4},"end":{"line":183,"column":null}},"54":{"start":{"line":185,"column":4},"end":{"line":185,"column":null}},"55":{"start":{"line":195,"column":33},"end":{"line":195,"column":35}},"56":{"start":{"line":197,"column":22},"end":{"line":197,"column":69}},"57":{"start":{"line":198,"column":4},"end":{"line":198,"column":null}},"58":{"start":{"line":200,"column":4},"end":{"line":202,"column":5}},"59":{"start":{"line":201,"column":8},"end":{"line":201,"column":null}},"60":{"start":{"line":204,"column":4},"end":{"line":204,"column":null}},"61":{"start":{"line":205,"column":4},"end":{"line":205,"column":null}},"62":{"start":{"line":215,"column":37},"end":{"line":215,"column":39}},"63":{"start":{"line":217,"column":26},"end":{"line":217,"column":77}},"64":{"start":{"line":218,"column":4},"end":{"line":218,"column":null}},"65":{"start":{"line":220,"column":4},"end":{"line":222,"column":5}},"66":{"start":{"line":221,"column":8},"end":{"line":221,"column":null}},"67":{"start":{"line":224,"column":4},"end":{"line":224,"column":null}},"68":{"start":{"line":225,"column":4},"end":{"line":225,"column":null}},"69":{"start":{"line":237,"column":4},"end":{"line":252,"column":5}},"70":{"start":{"line":238,"column":23},"end":{"line":238,"column":56}},"71":{"start":{"line":241,"column":8},"end":{"line":247,"column":9}},"72":{"start":{"line":242,"column":12},"end":{"line":246,"column":13}},"73":{"start":{"line":243,"column":16},"end":{"line":243,"column":null}},"74":{"start":{"line":245,"column":16},"end":{"line":245,"column":null}},"75":{"start":{"line":249,"column":8},"end":{"line":249,"column":null}},"76":{"start":{"line":251,"column":8},"end":{"line":251,"column":null}}},"fnMap":{"0":{"name":"handleBranchesOption","decl":{"start":{"line":69,"column":16},"end":{"line":69,"column":36}},"loc":{"start":{"line":69,"column":36},"end":{"line":88,"column":1}}},"1":{"name":"handleDryRunOption","decl":{"start":{"line":96,"column":16},"end":{"line":96,"column":34}},"loc":{"start":{"line":96,"column":34},"end":{"line":113,"column":1}}},"2":{"name":"handleCIOption","decl":{"start":{"line":121,"column":16},"end":{"line":121,"column":30}},"loc":{"start":{"line":121,"column":30},"end":{"line":140,"column":1}}},"3":{"name":"handleExtends","decl":{"start":{"line":152,"column":16},"end":{"line":152,"column":29}},"loc":{"start":{"line":152,"column":29},"end":{"line":186,"column":1}}},"4":{"name":"(anonymous_13)","decl":{"start":{"line":175,"column":13},"end":{"line":175,"column":14}},"loc":{"start":{"line":175,"column":22},"end":{"line":178,"column":9}}},"5":{"name":"handleTagFormat","decl":{"start":{"line":194,"column":16},"end":{"line":194,"column":31}},"loc":{"start":{"line":194,"column":31},"end":{"line":206,"column":1}}},"6":{"name":"handleRepositoryURLOption","decl":{"start":{"line":214,"column":16},"end":{"line":214,"column":41}},"loc":{"start":{"line":214,"column":41},"end":{"line":226,"column":1}}},"7":{"name":"parseJson","decl":{"start":{"line":236,"column":16},"end":{"line":236,"column":25}},"loc":{"start":{"line":236,"column":37},"end":{"line":253,"column":1}}}},"branchMap":{"0":{"loc":{"start":{"line":78,"column":14},"end":{"line":78,"column":38}},"type":"binary-expr","locations":[{"start":{"line":78,"column":14},"end":{"line":78,"column":22}},{"start":{"line":78,"column":26},"end":{"line":78,"column":32}},{"start":{"line":78,"column":36},"end":{"line":78,"column":38}}]},"1":{"loc":{"start":{"line":79,"column":4},"end":{"line":81,"column":5}},"type":"if","locations":[{"start":{"line":79,"column":4},"end":{"line":81,"column":5}},{"start":{},"end":{}}]},"2":{"loc":{"start":{"line":99,"column":32},"end":{"line":99,"column":63}},"type":"cond-expr","locations":[{"start":{"line":99,"column":47},"end":{"line":99,"column":54}},{"start":{"line":99,"column":57},"end":{"line":99,"column":63}}]},"3":{"loc":{"start":{"line":101,"column":4},"end":{"line":103,"column":5}},"type":"if","locations":[{"start":{"line":101,"column":4},"end":{"line":103,"column":5}},{"start":{},"end":{}}]},"4":{"loc":{"start":{"line":105,"column":4},"end":{"line":109,"column":5}},"type":"if","locations":[{"start":{"line":105,"column":4},"end":{"line":109,"column":5}},{"start":{},"end":{}}]},"5":{"loc":{"start":{"line":124,"column":28},"end":{"line":124,"column":51}},"type":"cond-expr","locations":[{"start":{"line":124,"column":39},"end":{"line":124,"column":46}},{"start":{"line":124,"column":49},"end":{"line":124,"column":51}}]},"6":{"loc":{"start":{"line":126,"column":4},"end":{"line":128,"column":5}},"type":"if","locations":[{"start":{"line":126,"column":4},"end":{"line":128,"column":5}},{"start":{},"end":{}}]},"7":{"loc":{"start":{"line":130,"column":4},"end":{"line":135,"column":5}},"type":"if","locations":[{"start":{"line":130,"column":4},"end":{"line":135,"column":5}},{"start":{},"end":{}}]},"8":{"loc":{"start":{"line":158,"column":4},"end":{"line":160,"column":5}},"type":"if","locations":[{"start":{"line":158,"column":4},"end":{"line":160,"column":5}},{"start":{},"end":{}}]},"9":{"loc":{"start":{"line":177,"column":19},"end":{"line":177,"column":32}},"type":"cond-expr","locations":[{"start":{"line":177,"column":23},"end":{"line":177,"column":27}},{"start":{"line":177,"column":30},"end":{"line":177,"column":32}}]},"10":{"loc":{"start":{"line":200,"column":4},"end":{"line":202,"column":5}},"type":"if","locations":[{"start":{"line":200,"column":4},"end":{"line":202,"column":5}},{"start":{},"end":{}}]},"11":{"loc":{"start":{"line":220,"column":4},"end":{"line":222,"column":5}},"type":"if","locations":[{"start":{"line":220,"column":4},"end":{"line":222,"column":5}},{"start":{},"end":{}}]},"12":{"loc":{"start":{"line":241,"column":8},"end":{"line":247,"column":9}},"type":"if","locations":[{"start":{"line":241,"column":8},"end":{"line":247,"column":9}},{"start":{},"end":{}}]}},"s":{"0":1,"1":1,"2":1,"3":1,"4":1,"5":1,"6":1,"7":1,"8":1,"9":1,"10":7,"11":7,"12":7,"13":7,"14":7,"15":7,"16":7,"17":1,"18":6,"19":6,"20":6,"21":3,"22":3,"23":3,"24":3,"25":1,"26":2,"27":1,"28":1,"29":1,"30":1,"31":3,"32":3,"33":3,"34":3,"35":1,"36":2,"37":1,"38":1,"39":1,"40":1,"41":1,"42":1,"43":9,"44":9,"45":9,"46":9,"47":1,"48":8,"49":8,"50":9,"51":9,"52":8,"53":8,"54":8,"55":2,"56":2,"57":2,"58":2,"59":1,"60":1,"61":1,"62":2,"63":2,"64":2,"65":2,"66":1,"67":1,"68":1,"69":6,"70":6,"71":4,"72":2,"73":2,"74":2,"75":2,"76":2},"f":{"0":7,"1":3,"2":3,"3":9,"4":9,"5":2,"6":2,"7":6},"b":{"0":[7,3,1],"1":[1,6],"2":[1,2],"3":[1,2],"4":[1,1],"5":[1,2],"6":[1,2],"7":[1,1],"8":[1,8],"9":[9,0],"10":[1,1],"11":[1,1],"12":[2,2]}}
,"/Users/benjaminramser/Projects/ts/semantic-release-action/src/outputs.ts": {"path":"/Users/benjaminramser/Projects/ts/semantic-release-action/src/outputs.ts","statementMap":{"0":{"start":{"line":1,"column":13},"end":{"line":14,"column":null}}},"fnMap":{},"branchMap":{},"s":{"0":0},"f":{},"b":{}}
,"/Users/benjaminramser/Projects/ts/semantic-release-action/src/tasks.ts": {"path":"/Users/benjaminramser/Projects/ts/semantic-release-action/src/tasks.ts","statementMap":{"0":{"start":{"line":18,"column":0},"end":{"line":18,"column":7}},"1":{"start":{"line":39,"column":0},"end":{"line":39,"column":7}},"2":{"start":{"line":52,"column":0},"end":{"line":52,"column":7}},"3":{"start":{"line":64,"column":0},"end":{"line":64,"column":7}},"4":{"start":{"line":108,"column":0},"end":{"line":108,"column":7}},"5":{"start":{"line":1,"column":0},"end":{"line":1,"column":37}},"6":{"start":{"line":2,"column":0},"end":{"line":2,"column":33}},"7":{"start":{"line":3,"column":0},"end":{"line":3,"column":28}},"8":{"start":{"line":6,"column":0},"end":{"line":6,"column":38}},"9":{"start":{"line":7,"column":0},"end":{"line":7,"column":36}},"10":{"start":{"line":8,"column":0},"end":{"line":8,"column":38}},"11":{"start":{"line":19,"column":4},"end":{"line":21,"column":5}},"12":{"start":{"line":20,"column":8},"end":{"line":20,"column":14}},"13":{"start":{"line":22,"column":21},"end":{"line":22,"column":72}},"14":{"start":{"line":23,"column":21},"end":{"line":23,"column":53}},"15":{"start":{"line":24,"column":31},"end":{"line":26,"column":null}},"16":{"start":{"line":28,"column":4},"end":{"line":28,"column":null}},"17":{"start":{"line":29,"column":4},"end":{"line":29,"column":null}},"18":{"start":{"line":40,"column":4},"end":{"line":40,"column":null}},"19":{"start":{"line":41,"column":4},"end":{"line":41,"column":null}},"20":{"start":{"line":42,"column":4},"end":{"line":42,"column":null}},"21":{"start":{"line":43,"column":4},"end":{"line":43,"column":null}},"22":{"start":{"line":53,"column":4},"end":{"line":53,"column":null}},"23":{"start":{"line":65,"column":4},"end":{"line":68,"column":5}},"24":{"start":{"line":66,"column":8},"end":{"line":66,"column":null}},"25":{"start":{"line":67,"column":8},"end":{"line":67,"column":14}},"26":{"start":{"line":69,"column":60},"end":{"line":69,"column":66}},"27":{"start":{"line":70,"column":4},"end":{"line":75,"column":5}},"28":{"start":{"line":71,"column":8},"end":{"line":71,"column":null}},"29":{"start":{"line":72,"column":8},"end":{"line":72,"column":null}},"30":{"start":{"line":73,"column":8},"end":{"line":73,"column":null}},"31":{"start":{"line":74,"column":8},"end":{"line":74,"column":null}},"32":{"start":{"line":78,"column":4},"end":{"line":81,"column":5}},"33":{"start":{"line":79,"column":8},"end":{"line":79,"column":null}},"34":{"start":{"line":80,"column":8},"end":{"line":80,"column":14}},"35":{"start":{"line":82,"column":4},"end":{"line":82,"column":null}},"36":{"start":{"line":83,"column":4},"end":{"line":85,"column":5}},"37":{"start":{"line":84,"column":8},"end":{"line":84,"column":null}},"38":{"start":{"line":86,"column":57},"end":{"line":86,"column":68}},"39":{"start":{"line":87,"column":34},"end":{"line":87,"column":62}},"40":{"start":{"line":89,"column":4},"end":{"line":89,"column":null}},"41":{"start":{"line":90,"column":4},"end":{"line":90,"column":null}},"42":{"start":{"line":91,"column":4},"end":{"line":91,"column":null}},"43":{"start":{"line":92,"column":4},"end":{"line":92,"column":null}},"44":{"start":{"line":93,"column":4},"end":{"line":93,"column":null}},"45":{"start":{"line":94,"column":4},"end":{"line":94,"column":null}},"46":{"start":{"line":95,"column":4},"end":{"line":95,"column":null}},"47":{"start":{"line":96,"column":4},"end":{"line":96,"column":null}},"48":{"start":{"line":97,"column":4},"end":{"line":97,"column":null}},"49":{"start":{"line":98,"column":4},"end":{"line":98,"column":null}},"50":{"start":{"line":109,"column":18},"end":{"line":109,"column":56}},"51":{"start":{"line":110,"column":17},"end":{"line":112,"column":12}},"52":{"start":{"line":113,"column":21},"end":{"line":113,"column":37}},"53":{"start":{"line":114,"column":4},"end":{"line":116,"column":5}},"54":{"start":{"line":115,"column":8},"end":{"line":115,"column":null}},"55":{"start":{"line":117,"column":31},"end":{"line":119,"column":6}},"56":{"start":{"line":120,"column":4},"end":{"line":120,"column":null}},"57":{"start":{"line":121,"column":4},"end":{"line":121,"column":null}}},"fnMap":{"0":{"name":"installTask","decl":{"start":{"line":18,"column":22},"end":{"line":18,"column":33}},"loc":{"start":{"line":18,"column":48},"end":{"line":30,"column":1}}},"1":{"name":"setupTask","decl":{"start":{"line":39,"column":22},"end":{"line":39,"column":31}},"loc":{"start":{"line":39,"column":31},"end":{"line":44,"column":1}}},"2":{"name":"cleanupTask","decl":{"start":{"line":52,"column":22},"end":{"line":52,"column":33}},"loc":{"start":{"line":52,"column":33},"end":{"line":54,"column":1}}},"3":{"name":"outputTask","decl":{"start":{"line":64,"column":22},"end":{"line":64,"column":32}},"loc":{"start":{"line":64,"column":56},"end":{"line":99,"column":1}}},"4":{"name":"installSemanticReleaseTask","decl":{"start":{"line":108,"column":22},"end":{"line":108,"column":48}},"loc":{"start":{"line":108,"column":48},"end":{"line":122,"column":1}}}},"branchMap":{"0":{"loc":{"start":{"line":19,"column":4},"end":{"line":21,"column":5}},"type":"if","locations":[{"start":{"line":19,"column":4},"end":{"line":21,"column":5}},{"start":{},"end":{}}]},"1":{"loc":{"start":{"line":25,"column":46},"end":{"line":25,"column":72}},"type":"cond-expr","locations":[{"start":{"line":25,"column":57},"end":{"line":25,"column":67}},{"start":{"line":25,"column":70},"end":{"line":25,"column":72}}]},"2":{"loc":{"start":{"line":65,"column":4},"end":{"line":68,"column":5}},"type":"if","locations":[{"start":{"line":65,"column":4},"end":{"line":68,"column":5}},{"start":{},"end":{}}]},"3":{"loc":{"start":{"line":70,"column":4},"end":{"line":75,"column":5}},"type":"if","locations":[{"start":{"line":70,"column":4},"end":{"line":75,"column":5}},{"start":{},"end":{}}]},"4":{"loc":{"start":{"line":78,"column":4},"end":{"line":81,"column":5}},"type":"if","locations":[{"start":{"line":78,"column":4},"end":{"line":81,"column":5}},{"start":{},"end":{}}]},"5":{"loc":{"start":{"line":110,"column":17},"end":{"line":112,"column":12}},"type":"cond-expr","locations":[{"start":{"line":111,"column":10},"end":{"line":111,"column":21}},{"start":{"line":112,"column":10},"end":{"line":112,"column":12}}]},"6":{"loc":{"start":{"line":114,"column":4},"end":{"line":116,"column":5}},"type":"if","locations":[{"start":{"line":114,"column":4},"end":{"line":116,"column":5}},{"start":{},"end":{}}]},"7":{"loc":{"start":{"line":114,"column":8},"end":{"line":114,"column":35}},"type":"binary-expr","locations":[{"start":{"line":114,"column":8},"end":{"line":114,"column":20}},{"start":{"line":114,"column":24},"end":{"line":114,"column":35}}]}},"s":{"0":0,"1":0,"2":0,"3":0,"4":0,"5":0,"6":0,"7":0,"8":0,"9":0,"10":0,"11":0,"12":0,"13":0,"14":0,"15":0,"16":0,"17":0,"18":0,"19":0,"20":0,"21":0,"22":0,"23":0,"24":0,"25":0,"26":0,"27":0,"28":0,"29":0,"30":0,"31":0,"32":0,"33":0,"34":0,"35":0,"36":0,"37":0,"38":0,"39":0,"40":0,"41":0,"42":0,"43":0,"44":0,"45":0,"46":0,"47":0,"48":0,"49":0,"50":0,"51":0,"52":0,"53":0,"54":0,"55":0,"56":0,"57":0},"f":{"0":0,"1":0,"2":0,"3":0,"4":0},"b":{"0":[0,0],"1":[0,0],"2":[0,0],"3":[0,0],"4":[0,0],"5":[0,0],"6":[0,0],"7":[0,0]}}
}
