TN:
SF:src/exec.ts
FNF:0
FNH:0
DA:1,0
DA:2,0
DA:11,0
LF:3
LH:0
BRF:0
BRH:0
end_of_record
TN:
SF:src/index.ts
FN:8,release
FNF:1
FNH:0
FNDA:0,release
DA:1,0
DA:2,0
DA:4,0
DA:5,0
DA:6,0
DA:9,0
DA:11,0
DA:12,0
DA:15,0
DA:16,0
DA:17,0
DA:18,0
DA:20,0
DA:21,0
DA:22,0
DA:25,0
DA:34,0
DA:35,0
DA:37,0
DA:40,0
LF:20
LH:0
BRDA:11,0,0,0
BRDA:11,0,1,0
BRDA:20,1,0,0
BRDA:20,1,1,0
BRF:4
BRH:0
end_of_record
TN:
SF:src/inputs.ts
FNF:0
FNH:0
DA:1,1
LF:1
LH:1
BRF:0
BRH:0
end_of_record
TN:
SF:src/options.ts
FN:69,handleBranchesOption
FN:96,handleDryRunOption
FN:121,handleCIOption
FN:152,handleExtends
FN:175,(anonymous_13)
FN:194,handleTagFormat
FN:214,handleRepositoryURLOption
FN:236,parseJson
FNF:8
FNH:8
FNDA:7,handleBranchesOption
FNDA:3,handleDryRunOption
FNDA:3,handleCIOption
FNDA:9,handleExtends
FNDA:9,(anonymous_13)
FNDA:2,handleTagFormat
FNDA:2,handleRepositoryURLOption
FNDA:6,parseJson
DA:1,1
DA:3,1
DA:5,1
DA:69,1
DA:70,7
DA:72,7
DA:73,7
DA:75,7
DA:76,7
DA:78,7
DA:79,7
DA:80,1
DA:83,6
DA:85,6
DA:87,6
DA:96,1
DA:97,3
DA:98,3
DA:99,3
DA:101,3
DA:102,1
DA:105,2
DA:106,1
DA:107,1
DA:111,1
DA:112,1
DA:121,1
DA:122,3
DA:123,3
DA:124,3
DA:126,3
DA:127,1
DA:130,2
DA:131,1
DA:132,1
DA:133,1
DA:137,1
DA:138,1
DA:139,1
DA:152,1
DA:153,9
DA:155,9
DA:156,9
DA:158,9
DA:159,1
DA:171,8
DA:173,8
DA:176,9
DA:177,9
DA:181,8
DA:183,8
DA:185,8
DA:194,1
DA:195,2
DA:197,2
DA:198,2
DA:200,2
DA:201,1
DA:204,1
DA:205,1
DA:214,1
DA:215,2
DA:217,2
DA:218,2
DA:220,2
DA:221,1
DA:224,1
DA:225,1
DA:236,1
DA:237,6
DA:238,6
DA:241,4
DA:242,2
DA:243,2
DA:245,2
DA:249,2
DA:251,2
LF:77
LH:77
BRDA:78,0,0,7
BRDA:78,0,1,3
BRDA:78,0,2,1
BRDA:79,1,0,1
BRDA:79,1,1,6
BRDA:99,2,0,1
BRDA:99,2,1,2
BRDA:101,3,0,1
BRDA:101,3,1,2
BRDA:105,4,0,1
BRDA:105,4,1,1
BRDA:124,5,0,1
BRDA:124,5,1,2
BRDA:126,6,0,1
BRDA:126,6,1,2
BRDA:130,7,0,1
BRDA:130,7,1,1
BRDA:158,8,0,1
BRDA:158,8,1,8
BRDA:177,9,0,9
BRDA:177,9,1,0
BRDA:200,10,0,1
BRDA:200,10,1,1
BRDA:220,11,0,1
BRDA:220,11,1,1
BRDA:241,12,0,2
BRDA:241,12,1,2
BRF:27
BRH:26
end_of_record
TN:
SF:src/outputs.ts
FNF:0
FNH:0
DA:1,0
LF:1
LH:0
BRF:0
BRH:0
end_of_record
TN:
SF:src/tasks.ts
FN:18,installTask
FN:39,setupTask
FN:52,cleanupTask
FN:64,outputTask
FN:108,installSemanticReleaseTask
FNF:5
FNH:0
FNDA:0,installTask
FNDA:0,setupTask
FNDA:0,cleanupTask
FNDA:0,outputTask
FNDA:0,installSemanticReleaseTask
DA:1,0
DA:2,0
DA:3,0
DA:6,0
DA:7,0
DA:8,0
DA:18,0
DA:19,0
DA:20,0
DA:22,0
DA:23,0
DA:24,0
DA:28,0
DA:29,0
DA:39,0
DA:40,0
DA:41,0
DA:42,0
DA:43,0
DA:52,0
DA:53,0
DA:64,0
DA:65,0
DA:66,0
DA:67,0
DA:69,0
DA:70,0
DA:71,0
DA:72,0
DA:73,0
DA:74,0
DA:78,0
DA:79,0
DA:80,0
DA:82,0
DA:83,0
DA:84,0
DA:86,0
DA:87,0
DA:89,0
DA:90,0
DA:91,0
DA:92,0
DA:93,0
DA:94,0
DA:95,0
DA:96,0
DA:97,0
DA:98,0
DA:108,0
DA:109,0
DA:110,0
DA:113,0
DA:114,0
DA:115,0
DA:117,0
DA:120,0
DA:121,0
LF:58
LH:0
BRDA:19,0,0,0
BRDA:19,0,1,0
BRDA:25,1,0,0
BRDA:25,1,1,0
BRDA:65,2,0,0
BRDA:65,2,1,0
BRDA:70,3,0,0
BRDA:70,3,1,0
BRDA:78,4,0,0
BRDA:78,4,1,0
BRDA:110,5,0,0
BRDA:110,5,1,0
BRDA:114,6,0,0
BRDA:114,6,1,0
BRDA:114,7,0,0
BRDA:114,7,1,0
BRF:16
BRH:0
end_of_record
